<?xml version="1.0" encoding="UTF-8"?>
<!-- Generated by org.testng.reporters.JUnitReportReporter -->
<testsuite hostname="DESKTOP-K42ITB2" failures="0" tests="1" name="com.ktn.tests.NopRegisterTest" time="26.617" errors="0" timestamp="2024-05-16T20:48:23 IST" skipped="0">
  <testcase classname="com.ktn.tests.NopRegisterTest" name="nopRegisterTest" time="26.617"/>
  <system-out/>
</testsuite> <!-- com.ktn.tests.NopRegisterTest -->
