<?xml version="1.0" encoding="UTF-8"?>
<!-- Generated by org.testng.reporters.JUnitReportReporter -->
<testsuite hostname="DESKTOP-K42ITB2" failures="0" tests="1" name="com.ktn.tests.AdidasShoesCheckoutTest" time="16.858" errors="0" timestamp="2024-05-16T20:48:23 IST" skipped="0">
  <testcase classname="com.ktn.tests.AdidasShoesCheckoutTest" name="adidasShoesCheckoutTest" time="16.858"/>
  <system-out/>
</testsuite> <!-- com.ktn.tests.AdidasShoesCheckoutTest -->
