<?xml version="1.0" encoding="UTF-8"?>
<!-- Generated by org.testng.reporters.JUnitReportReporter -->
<testsuite hostname="Chandu" failures="0" tests="1" name="com.ktn.tests.NopCommerceDemoTest" time="12.449" errors="0" timestamp="2024-05-09T21:16:45 IST" skipped="0">
  <testcase classname="com.ktn.tests.NopCommerceDemoTest" name="nopSigninTest" time="12.449"/>
  <system-out/>
</testsuite> <!-- com.ktn.tests.NopCommerceDemoTest -->
