<?xml version="1.0" encoding="UTF-8"?>
<!-- Generated by org.testng.reporters.JUnitReportReporter -->
<testsuite hostname="Chandu" failures="0" tests="1" name="com.ktn.tests.NopRegisterTest" time="6.092" errors="0" timestamp="2024-05-21T19:55:52 IST" skipped="0">
  <testcase classname="com.ktn.tests.NopRegisterTest" name="nopRegisterTest" time="6.092"/>
  <system-out/>
</testsuite> <!-- com.ktn.tests.NopRegisterTest -->
