<?xml version="1.0" encoding="UTF-8"?>
<!-- Generated by org.testng.reporters.JUnitReportReporter -->
<testsuite hostname="Thrinadh" failures="0" tests="1" name="com.ktn.tests.AmazonDemoTest" time="23.987" errors="0" timestamp="2024-05-09T20:03:50 IST" skipped="0">
  <testcase classname="com.ktn.tests.AmazonDemoTest" name="amazonSigninTest" time="23.987"/>
  <system-out/>
</testsuite> <!-- com.ktn.tests.AmazonDemoTest -->
