<?xml version="1.0" encoding="UTF-8"?>
<!-- Generated by org.testng.reporters.JUnitReportReporter -->
<testsuite hostname="Chandu" failures="0" tests="1" name="com.ktn.tests.NokiaCellPhoneCheckoutTest" time="18.548" errors="0" timestamp="2024-05-21T19:55:52 IST" skipped="0">
  <testcase classname="com.ktn.tests.NokiaCellPhoneCheckoutTest" name="NokiaCellPhoneCheckoutTest" time="18.548"/>
  <system-out/>
</testsuite> <!-- com.ktn.tests.NokiaCellPhoneCheckoutTest -->
